C:\USERS\KDHILLON3\DOCUMENTS\GITHUB\WORLDWARQ\SRC\DEBUG\FGLUT.LIB
C:\Users\kdhillon3\Documents\GitHub\WorldWarQ\src\fglut\Debug\cl.command.1.tlog
C:\Users\kdhillon3\Documents\GitHub\WorldWarQ\src\fglut\Debug\CL.read.1.tlog
C:\Users\kdhillon3\Documents\GitHub\WorldWarQ\src\fglut\Debug\CL.write.1.tlog
C:\Users\kdhillon3\Documents\GitHub\WorldWarQ\src\fglut\Debug\fglut.vcxprojResolveAssemblyReference.cache
C:\Users\kdhillon3\Documents\GitHub\WorldWarQ\src\fglut\Debug\fglut.write.1.tlog
C:\USERS\KDHILLON3\DOCUMENTS\GITHUB\WORLDWARQ\SRC\FGLUT\DEBUG\FREEGLUT_CALLBACKS.OBJ
C:\USERS\KDHILLON3\DOCUMENTS\GITHUB\WORLDWARQ\SRC\FGLUT\DEBUG\FREEGLUT_CURSOR.OBJ
C:\USERS\KDHILLON3\DOCUMENTS\GITHUB\WORLDWARQ\SRC\FGLUT\DEBUG\FREEGLUT_DISPLAY.OBJ
C:\USERS\KDHILLON3\DOCUMENTS\GITHUB\WORLDWARQ\SRC\FGLUT\DEBUG\FREEGLUT_EXT.OBJ
C:\USERS\KDHILLON3\DOCUMENTS\GITHUB\WORLDWARQ\SRC\FGLUT\DEBUG\FREEGLUT_FONT.OBJ
C:\USERS\KDHILLON3\DOCUMENTS\GITHUB\WORLDWARQ\SRC\FGLUT\DEBUG\FREEGLUT_FONT_DATA.OBJ
C:\USERS\KDHILLON3\DOCUMENTS\GITHUB\WORLDWARQ\SRC\FGLUT\DEBUG\FREEGLUT_GAMEMODE.OBJ
C:\USERS\KDHILLON3\DOCUMENTS\GITHUB\WORLDWARQ\SRC\FGLUT\DEBUG\FREEGLUT_GEOMETRY.OBJ
C:\USERS\KDHILLON3\DOCUMENTS\GITHUB\WORLDWARQ\SRC\FGLUT\DEBUG\FREEGLUT_GLUTFONT_DEFINITIONS.OBJ
C:\USERS\KDHILLON3\DOCUMENTS\GITHUB\WORLDWARQ\SRC\FGLUT\DEBUG\FREEGLUT_INIT.OBJ
C:\USERS\KDHILLON3\DOCUMENTS\GITHUB\WORLDWARQ\SRC\FGLUT\DEBUG\FREEGLUT_INPUT_DEVICES.OBJ
C:\USERS\KDHILLON3\DOCUMENTS\GITHUB\WORLDWARQ\SRC\FGLUT\DEBUG\FREEGLUT_JOYSTICK.OBJ
C:\USERS\KDHILLON3\DOCUMENTS\GITHUB\WORLDWARQ\SRC\FGLUT\DEBUG\FREEGLUT_MAIN.OBJ
C:\USERS\KDHILLON3\DOCUMENTS\GITHUB\WORLDWARQ\SRC\FGLUT\DEBUG\FREEGLUT_MENU.OBJ
C:\USERS\KDHILLON3\DOCUMENTS\GITHUB\WORLDWARQ\SRC\FGLUT\DEBUG\FREEGLUT_MISC.OBJ
C:\USERS\KDHILLON3\DOCUMENTS\GITHUB\WORLDWARQ\SRC\FGLUT\DEBUG\FREEGLUT_OVERLAY.OBJ
C:\USERS\KDHILLON3\DOCUMENTS\GITHUB\WORLDWARQ\SRC\FGLUT\DEBUG\FREEGLUT_SPACEBALL.OBJ
C:\USERS\KDHILLON3\DOCUMENTS\GITHUB\WORLDWARQ\SRC\FGLUT\DEBUG\FREEGLUT_STATE.OBJ
C:\USERS\KDHILLON3\DOCUMENTS\GITHUB\WORLDWARQ\SRC\FGLUT\DEBUG\FREEGLUT_STROKE_MONO_ROMAN.OBJ
C:\USERS\KDHILLON3\DOCUMENTS\GITHUB\WORLDWARQ\SRC\FGLUT\DEBUG\FREEGLUT_STROKE_ROMAN.OBJ
C:\USERS\KDHILLON3\DOCUMENTS\GITHUB\WORLDWARQ\SRC\FGLUT\DEBUG\FREEGLUT_STRUCTURE.OBJ
C:\USERS\KDHILLON3\DOCUMENTS\GITHUB\WORLDWARQ\SRC\FGLUT\DEBUG\FREEGLUT_TEAPOT.OBJ
C:\USERS\KDHILLON3\DOCUMENTS\GITHUB\WORLDWARQ\SRC\FGLUT\DEBUG\FREEGLUT_VIDEORESIZE.OBJ
C:\USERS\KDHILLON3\DOCUMENTS\GITHUB\WORLDWARQ\SRC\FGLUT\DEBUG\FREEGLUT_WINDOW.OBJ
C:\Users\kdhillon3\Documents\GitHub\WorldWarQ\src\fglut\Debug\lib.command.1.tlog
C:\Users\kdhillon3\Documents\GitHub\WorldWarQ\src\fglut\Debug\Lib-link.read.1.tlog
C:\Users\kdhillon3\Documents\GitHub\WorldWarQ\src\fglut\Debug\Lib-link.write.1.tlog
C:\Users\kdhillon3\Documents\GitHub\WorldWarQ\src\fglut\Debug\vc100.idb
C:\USERS\KDHILLON3\DOCUMENTS\GITHUB\WORLDWARQ\SRC\FGLUT\DEBUG\VC100.PDB
C:\Users\kdhillon3\Documents\GitHub\WorldWarQ\src\fglut\Debug\vc120.idb
C:\Users\kdhillon3\Documents\GitHub\WorldWarQ\src\fglut\Debug\vc120.pdb
