Build started 7/21/2014 10:35:20 AM.
     1>Project "C:\Users\kdhillon3\Documents\GitHub\WorldWarQ\src\particleview.vcxproj" on node 2 (build target(s)).
     1>InitializeBuildStatus:
         Touching "Debug\WorldWarQ.unsuccessfulbuild".
       ClCompile:
         All outputs are up-to-date.
       Link:
         c:\Program Files (x86)\Microsoft Visual Studio 10.0\VC\bin\link.exe /ERRORREPORT:PROMPT /OUT:"worldwarq.exe" /INCREMENTAL:NO /NOLOGO glu32.lib opengl32.lib kernel32.lib user32.lib gdi32.lib winspool.lib comdlg32.lib advapi32.lib shell32.lib ole32.lib oleaut32.lib uuid.lib odbc32.lib odbccp32.lib /NODEFAULTLIB:libcmtd /MANIFEST /ManifestFile:"Debug\WorldWarQ.exe.intermediate.manifest" /MANIFESTUAC:"level='asInvoker' uiAccess='false'" /DEBUG /PDB:"C:\Users\kdhillon3\Documents\GitHub\WorldWarQ\src\WorldWarQ.pdb" /SUBSYSTEM:CONSOLE /TLBID:1 /DYNAMICBASE /NXCOMPAT /IMPLIB:"C:\Users\kdhillon3\Documents\GitHub\WorldWarQ\src\\WorldWarQ.lib" /MACHINE:X86 Debug\R3Aircraft.obj
         Debug\R3Scene.obj
         Debug\particle.obj
         Debug\WorldWarQ.obj
         C:\Users\kdhillon3\Documents\GitHub\WorldWarQ\src\Debug\R3.lib
         C:\Users\kdhillon3\Documents\GitHub\WorldWarQ\src\Debug\R2.lib
         C:\Users\kdhillon3\Documents\GitHub\WorldWarQ\src\Debug\jpeg.lib
         C:\Users\kdhillon3\Documents\GitHub\WorldWarQ\src\Debug\fglut.lib
     1>R3Aircraft.obj : warning LNK4075: ignoring '/EDITANDCONTINUE' due to '/INCREMENTAL:NO' specification
         particleview.vcxproj -> C:\Users\kdhillon3\Documents\GitHub\WorldWarQ\src\\WorldWarQ.exe
       Manifest:
         C:\Program Files (x86)\Microsoft SDKs\Windows\v7.0A\bin\mt.exe /nologo /verbose /outputresource:"worldwarq.exe;#1" /manifest Debug\WorldWarQ.exe.intermediate.manifest
       FinalizeBuildStatus:
         Deleting file "Debug\WorldWarQ.unsuccessfulbuild".
         Touching "Debug\WorldWarQ.lastbuildstate".
     1>Done Building Project "C:\Users\kdhillon3\Documents\GitHub\WorldWarQ\src\particleview.vcxproj" (build target(s)).

Build succeeded.

Time Elapsed 00:00:00.85
