C:\USERS\KDHILLON3\DOCUMENTS\GITHUB\WORLDWARQ\SRC\DEBUG\R3.LIB
C:\Users\kdhillon3\Documents\GitHub\WorldWarQ\src\R3\Debug\cl.command.1.tlog
C:\Users\kdhillon3\Documents\GitHub\WorldWarQ\src\R3\Debug\CL.read.1.tlog
C:\Users\kdhillon3\Documents\GitHub\WorldWarQ\src\R3\Debug\CL.write.1.tlog
C:\Users\kdhillon3\Documents\GitHub\WorldWarQ\src\R3\Debug\lib.command.1.tlog
C:\Users\kdhillon3\Documents\GitHub\WorldWarQ\src\R3\Debug\Lib-link.read.1.tlog
C:\Users\kdhillon3\Documents\GitHub\WorldWarQ\src\R3\Debug\Lib-link.write.1.tlog
C:\Users\kdhillon3\Documents\GitHub\WorldWarQ\src\R3\Debug\R3.vcxprojResolveAssemblyReference.cache
C:\Users\kdhillon3\Documents\GitHub\WorldWarQ\src\R3\Debug\R3.write.1.tlog
C:\USERS\KDHILLON3\DOCUMENTS\GITHUB\WORLDWARQ\SRC\R3\DEBUG\R3BOX.OBJ
C:\USERS\KDHILLON3\DOCUMENTS\GITHUB\WORLDWARQ\SRC\R3\DEBUG\R3CIRCLE.OBJ
C:\USERS\KDHILLON3\DOCUMENTS\GITHUB\WORLDWARQ\SRC\R3\DEBUG\R3CONE.OBJ
C:\USERS\KDHILLON3\DOCUMENTS\GITHUB\WORLDWARQ\SRC\R3\DEBUG\R3CYLINDER.OBJ
C:\USERS\KDHILLON3\DOCUMENTS\GITHUB\WORLDWARQ\SRC\R3\DEBUG\R3DISTANCE.OBJ
C:\USERS\KDHILLON3\DOCUMENTS\GITHUB\WORLDWARQ\SRC\R3\DEBUG\R3LINE.OBJ
C:\USERS\KDHILLON3\DOCUMENTS\GITHUB\WORLDWARQ\SRC\R3\DEBUG\R3MATRIX.OBJ
C:\USERS\KDHILLON3\DOCUMENTS\GITHUB\WORLDWARQ\SRC\R3\DEBUG\R3MESH.OBJ
C:\USERS\KDHILLON3\DOCUMENTS\GITHUB\WORLDWARQ\SRC\R3\DEBUG\R3PLANE.OBJ
C:\USERS\KDHILLON3\DOCUMENTS\GITHUB\WORLDWARQ\SRC\R3\DEBUG\R3POINT.OBJ
C:\USERS\KDHILLON3\DOCUMENTS\GITHUB\WORLDWARQ\SRC\R3\DEBUG\R3RAY.OBJ
C:\USERS\KDHILLON3\DOCUMENTS\GITHUB\WORLDWARQ\SRC\R3\DEBUG\R3SEGMENT.OBJ
C:\USERS\KDHILLON3\DOCUMENTS\GITHUB\WORLDWARQ\SRC\R3\DEBUG\R3SPHERE.OBJ
C:\USERS\KDHILLON3\DOCUMENTS\GITHUB\WORLDWARQ\SRC\R3\DEBUG\R3VECTOR.OBJ
C:\Users\kdhillon3\Documents\GitHub\WorldWarQ\src\R3\Debug\vc100.idb
C:\USERS\KDHILLON3\DOCUMENTS\GITHUB\WORLDWARQ\SRC\R3\DEBUG\VC100.PDB
C:\Users\kdhillon3\Documents\GitHub\WorldWarQ\src\R3\Debug\vc120.idb
C:\Users\kdhillon3\Documents\GitHub\WorldWarQ\src\R3\Debug\vc120.pdb
